0 info it worked if it ends with ok
1 verbose cli [ '/Users/Dave/.nvm/versions/node/v6.9.4/bin/node',
1 verbose cli   '/Users/Dave/.nvm/versions/node/v6.9.4/bin/npm',
1 verbose cli   'publish',
1 verbose cli   '--access=public' ]
2 info using npm@3.10.10
3 info using node@v6.9.4
4 verbose publish [ '.' ]
5 silly cache add args [ '.', null ]
6 verbose cache add spec .
7 silly cache add parsed spec Result {
7 silly cache add   raw: '.',
7 silly cache add   scope: null,
7 silly cache add   escapedName: null,
7 silly cache add   name: null,
7 silly cache add   rawSpec: '.',
7 silly cache add   spec: '/Users/Dave/Documents/Turing/MOD2/projects/sorting-suite',
7 silly cache add   type: 'directory' }
8 verbose addLocalDirectory /Users/Dave/.npm/@dstock/Sorting-Algos/0.0.1/package.tgz not in flight; packing
9 verbose correctMkdir /Users/Dave/.npm correctMkdir not in flight; initializing
10 info lifecycle @dstock/Sorting-Algos@0.0.1~prepublish: @dstock/Sorting-Algos@0.0.1
11 silly lifecycle @dstock/Sorting-Algos@0.0.1~prepublish: no script for prepublish, continuing
12 verbose tar pack [ '/Users/Dave/.npm/@dstock/Sorting-Algos/0.0.1/package.tgz',
12 verbose tar pack   '/Users/Dave/Documents/Turing/MOD2/projects/sorting-suite' ]
13 verbose tarball /Users/Dave/.npm/@dstock/Sorting-Algos/0.0.1/package.tgz
14 verbose folder /Users/Dave/Documents/Turing/MOD2/projects/sorting-suite
15 verbose addLocalTarball adding from inside cache /Users/Dave/.npm/@dstock/Sorting-Algos/0.0.1/package.tgz
16 verbose correctMkdir /Users/Dave/.npm correctMkdir not in flight; initializing
17 silly cache afterAdd @dstock/Sorting-Algos@0.0.1
18 verbose afterAdd /Users/Dave/.npm/@dstock/Sorting-Algos/0.0.1/package/package.json not in flight; writing
19 verbose correctMkdir /Users/Dave/.npm correctMkdir not in flight; initializing
20 verbose afterAdd /Users/Dave/.npm/@dstock/Sorting-Algos/0.0.1/package/package.json written
21 silly publish { name: '@dstock/Sorting-Algos',
21 silly publish   version: '0.0.1',
21 silly publish   description: '',
21 silly publish   main: 'sort.js',
21 silly publish   directories: { test: 'tests' },
21 silly publish   scripts:
21 silly publish    { testAll: 'mocha --compilers js:babel-core/register tests',
21 silly publish      test: 'mocha --compilers js:babel-core/register' },
21 silly publish   keywords: [],
21 silly publish   author: { name: 'Dave Weinstock' },
21 silly publish   license: 'ISC',
21 silly publish   devDependencies:
21 silly publish    { 'babel-cli': '^6.22.2',
21 silly publish      'babel-core': '^6.22.1',
21 silly publish      'babel-preset-env': '^1.1.8',
21 silly publish      'babel-preset-es2015': '^6.22.0',
21 silly publish      chai: '^3.5.0',
21 silly publish      locus: '^2.0.1' },
21 silly publish   gitHead: '4a08afbf414ded6a8c077dae8b1e39fe98d34aa6',
21 silly publish   readme: 'ERROR: No README data found!',
21 silly publish   _id: '@dstock/Sorting-Algos@0.0.1',
21 silly publish   _shasum: '0241621df08a947ff6929278619620b8c645c5be',
21 silly publish   _from: '.' }
22 verbose getPublishConfig undefined
23 silly mapToRegistry name @dstock/Sorting-Algos
24 silly mapToRegistry scope (from package name) @dstock
25 verbose mapToRegistry no registry URL found in name for scope @dstock
26 silly mapToRegistry using default registry
27 silly mapToRegistry registry https://registry.npmjs.org/
28 silly mapToRegistry data Result {
28 silly mapToRegistry   raw: '@dstock/Sorting-Algos',
28 silly mapToRegistry   scope: '@dstock',
28 silly mapToRegistry   escapedName: '@dstock%2fSorting-Algos',
28 silly mapToRegistry   name: '@dstock/Sorting-Algos',
28 silly mapToRegistry   rawSpec: '',
28 silly mapToRegistry   spec: 'latest',
28 silly mapToRegistry   type: 'tag' }
29 silly mapToRegistry uri https://registry.npmjs.org/@dstock%2fSorting-Algos
30 verbose publish registryBase https://registry.npmjs.org/
31 silly publish uploading /Users/Dave/.npm/@dstock/Sorting-Algos/0.0.1/package.tgz
32 verbose request uri https://registry.npmjs.org/@dstock%2fSorting-Algos
33 verbose request sending authorization for write operation
34 info attempt registry request try #1 at 9:18:12 AM
35 verbose request using bearer token for auth
36 verbose request id dfb969e60c7130c9
37 http request PUT https://registry.npmjs.org/@dstock%2fSorting-Algos
38 http 403 https://registry.npmjs.org/@dstock%2fSorting-Algos
39 verbose headers { 'content-type': 'application/json',
39 verbose headers   'cache-control': 'max-age=0',
39 verbose headers   'content-length': '21',
39 verbose headers   'accept-ranges': 'bytes',
39 verbose headers   date: 'Thu, 18 May 2017 15:18:13 GMT',
39 verbose headers   via: '1.1 varnish',
39 verbose headers   connection: 'keep-alive',
39 verbose headers   'x-served-by': 'cache-den6027-DEN',
39 verbose headers   'x-cache': 'MISS',
39 verbose headers   'x-cache-hits': '0',
39 verbose headers   'x-timer': 'S1495120693.678240,VS0,VE987' }
40 verbose request invalidating /Users/Dave/.npm/registry.npmjs.org/_40dstock_252fSorting-Algos on PUT
41 error publish Failed PUT 403
42 verbose stack Error: Forbidden : @dstock/Sorting-Algos
42 verbose stack     at makeError (/Users/Dave/.nvm/versions/node/v6.9.4/lib/node_modules/npm/node_modules/npm-registry-client/lib/request.js:302:12)
42 verbose stack     at CachingRegistryClient.<anonymous> (/Users/Dave/.nvm/versions/node/v6.9.4/lib/node_modules/npm/node_modules/npm-registry-client/lib/request.js:290:14)
42 verbose stack     at Request._callback (/Users/Dave/.nvm/versions/node/v6.9.4/lib/node_modules/npm/node_modules/npm-registry-client/lib/request.js:210:14)
42 verbose stack     at Request.self.callback (/Users/Dave/.nvm/versions/node/v6.9.4/lib/node_modules/npm/node_modules/request/request.js:187:22)
42 verbose stack     at emitTwo (events.js:106:13)
42 verbose stack     at Request.emit (events.js:191:7)
42 verbose stack     at Request.<anonymous> (/Users/Dave/.nvm/versions/node/v6.9.4/lib/node_modules/npm/node_modules/request/request.js:1048:10)
42 verbose stack     at emitOne (events.js:96:13)
42 verbose stack     at Request.emit (events.js:188:7)
42 verbose stack     at IncomingMessage.<anonymous> (/Users/Dave/.nvm/versions/node/v6.9.4/lib/node_modules/npm/node_modules/request/request.js:969:12)
43 verbose statusCode 403
44 verbose pkgid @dstock/Sorting-Algos
45 verbose cwd /Users/Dave/Documents/Turing/MOD2/projects/sorting-suite
46 error Darwin 16.5.0
47 error argv "/Users/Dave/.nvm/versions/node/v6.9.4/bin/node" "/Users/Dave/.nvm/versions/node/v6.9.4/bin/npm" "publish" "--access=public"
48 error node v6.9.4
49 error npm  v3.10.10
50 error code E403
51 error Forbidden : @dstock/Sorting-Algos
52 error If you need help, you may report this error at:
52 error     <https://github.com/npm/npm/issues>
53 verbose exit [ 1, true ]
